{"C:\\Users\\alkha\\Desktop\\full-stack-development\\full-stack-development\\part5\\bloglist-frontend\\src\\App.js": {"path":"C:\\Users\\alkha\\Desktop\\full-stack-development\\full-stack-development\\part5\\bloglist-frontend\\src\\App.js","statementMap":{"0":{"start":{"line":9,"column":12},"end":{"line":187,"column":1}},"1":{"start":{"line":10,"column":28},"end":{"line":10,"column":40}},"2":{"start":{"line":11,"column":26},"end":{"line":11,"column":38}},"3":{"start":{"line":12,"column":42},"end":{"line":15,"column":4}},"4":{"start":{"line":17,"column":22},"end":{"line":17,"column":30}},"5":{"start":{"line":40,"column":27},"end":{"line":65,"column":3}},"6":{"start":{"line":41,"column":4},"end":{"line":64,"column":5}},"7":{"start":{"line":42,"column":19},"end":{"line":42,"column":56}},"8":{"start":{"line":43,"column":6},"end":{"line":43,"column":30}},"9":{"start":{"line":45,"column":6},"end":{"line":45,"column":31}},"10":{"start":{"line":46,"column":6},"end":{"line":46,"column":27}},"11":{"start":{"line":48,"column":6},"end":{"line":48,"column":45}},"12":{"start":{"line":50,"column":6},"end":{"line":50,"column":24}},"13":{"start":{"line":52,"column":6},"end":{"line":52,"column":26}},"14":{"start":{"line":53,"column":6},"end":{"line":56,"column":9}},"15":{"start":{"line":58,"column":6},"end":{"line":58,"column":26}},"16":{"start":{"line":59,"column":6},"end":{"line":59,"column":33}},"17":{"start":{"line":60,"column":6},"end":{"line":63,"column":9}},"18":{"start":{"line":67,"column":28},"end":{"line":74,"column":3}},"19":{"start":{"line":68,"column":4},"end":{"line":73,"column":13}},"20":{"start":{"line":69,"column":6},"end":{"line":72,"column":9}},"21":{"start":{"line":76,"column":23},"end":{"line":84,"column":3}},"22":{"start":{"line":77,"column":4},"end":{"line":77,"column":18}},"23":{"start":{"line":78,"column":4},"end":{"line":78,"column":43}},"24":{"start":{"line":79,"column":4},"end":{"line":79,"column":24}},"25":{"start":{"line":80,"column":4},"end":{"line":83,"column":7}},"26":{"start":{"line":86,"column":27},"end":{"line":98,"column":3}},"27":{"start":{"line":87,"column":19},"end":{"line":87,"column":26}},"28":{"start":{"line":88,"column":4},"end":{"line":97,"column":5}},"29":{"start":{"line":89,"column":6},"end":{"line":89,"column":31}},"30":{"start":{"line":90,"column":21},"end":{"line":90,"column":59}},"31":{"start":{"line":91,"column":6},"end":{"line":91,"column":50}},"32":{"start":{"line":93,"column":6},"end":{"line":93,"column":52}},"33":{"start":{"line":96,"column":6},"end":{"line":96,"column":33}},"34":{"start":{"line":100,"column":27},"end":{"line":118,"column":3}},"35":{"start":{"line":101,"column":19},"end":{"line":101,"column":26}},"36":{"start":{"line":102,"column":20},"end":{"line":102,"column":65}},"37":{"start":{"line":102,"column":46},"end":{"line":102,"column":64}},"38":{"start":{"line":103,"column":20},"end":{"line":103,"column":65}},"39":{"start":{"line":105,"column":4},"end":{"line":117,"column":5}},"40":{"start":{"line":106,"column":6},"end":{"line":116,"column":7}},"41":{"start":{"line":107,"column":8},"end":{"line":107,"column":45}},"42":{"start":{"line":108,"column":8},"end":{"line":108,"column":33}},"43":{"start":{"line":109,"column":8},"end":{"line":109,"column":29}},"44":{"start":{"line":110,"column":8},"end":{"line":110,"column":79}},"45":{"start":{"line":111,"column":8},"end":{"line":111,"column":28}},"46":{"start":{"line":113,"column":8},"end":{"line":113,"column":35}},"47":{"start":{"line":114,"column":8},"end":{"line":114,"column":80}},"48":{"start":{"line":115,"column":8},"end":{"line":115,"column":28}},"49":{"start":{"line":120,"column":2},"end":{"line":122,"column":9}},"50":{"start":{"line":121,"column":4},"end":{"line":121,"column":58}},"51":{"start":{"line":121,"column":41},"end":{"line":121,"column":56}},"52":{"start":{"line":124,"column":2},"end":{"line":131,"column":9}},"53":{"start":{"line":125,"column":27},"end":{"line":125,"column":62}},"54":{"start":{"line":126,"column":4},"end":{"line":130,"column":5}},"55":{"start":{"line":127,"column":19},"end":{"line":127,"column":45}},"56":{"start":{"line":128,"column":6},"end":{"line":128,"column":20}},"57":{"start":{"line":129,"column":6},"end":{"line":129,"column":39}},"58":{"start":{"line":133,"column":2},"end":{"line":186,"column":4}},"59":{"start":{"line":171,"column":35},"end":{"line":171,"column":77}},"60":{"start":{"line":174,"column":16},"end":{"line":180,"column":18}}},"fnMap":{"0":{"name":"(anonymous_0)","decl":{"start":{"line":9,"column":12},"end":{"line":9,"column":13}},"loc":{"start":{"line":9,"column":18},"end":{"line":187,"column":1}},"line":9},"1":{"name":"(anonymous_1)","decl":{"start":{"line":40,"column":27},"end":{"line":40,"column":28}},"loc":{"start":{"line":40,"column":49},"end":{"line":65,"column":3}},"line":40},"2":{"name":"(anonymous_2)","decl":{"start":{"line":67,"column":28},"end":{"line":67,"column":29}},"loc":{"start":{"line":67,"column":34},"end":{"line":74,"column":3}},"line":67},"3":{"name":"(anonymous_3)","decl":{"start":{"line":68,"column":15},"end":{"line":68,"column":16}},"loc":{"start":{"line":68,"column":21},"end":{"line":73,"column":5}},"line":68},"4":{"name":"(anonymous_4)","decl":{"start":{"line":76,"column":23},"end":{"line":76,"column":24}},"loc":{"start":{"line":76,"column":29},"end":{"line":84,"column":3}},"line":76},"5":{"name":"(anonymous_5)","decl":{"start":{"line":86,"column":27},"end":{"line":86,"column":28}},"loc":{"start":{"line":86,"column":68},"end":{"line":98,"column":3}},"line":86},"6":{"name":"(anonymous_6)","decl":{"start":{"line":100,"column":27},"end":{"line":100,"column":28}},"loc":{"start":{"line":100,"column":43},"end":{"line":118,"column":3}},"line":100},"7":{"name":"(anonymous_7)","decl":{"start":{"line":102,"column":36},"end":{"line":102,"column":37}},"loc":{"start":{"line":102,"column":46},"end":{"line":102,"column":64}},"line":102},"8":{"name":"(anonymous_8)","decl":{"start":{"line":120,"column":12},"end":{"line":120,"column":13}},"loc":{"start":{"line":120,"column":18},"end":{"line":122,"column":3}},"line":120},"9":{"name":"(anonymous_9)","decl":{"start":{"line":121,"column":30},"end":{"line":121,"column":31}},"loc":{"start":{"line":121,"column":41},"end":{"line":121,"column":56}},"line":121},"10":{"name":"(anonymous_10)","decl":{"start":{"line":124,"column":12},"end":{"line":124,"column":13}},"loc":{"start":{"line":124,"column":18},"end":{"line":131,"column":3}},"line":124},"11":{"name":"(anonymous_11)","decl":{"start":{"line":171,"column":16},"end":{"line":171,"column":17}},"loc":{"start":{"line":171,"column":35},"end":{"line":171,"column":77}},"line":171},"12":{"name":"(anonymous_12)","decl":{"start":{"line":173,"column":19},"end":{"line":173,"column":20}},"loc":{"start":{"line":174,"column":16},"end":{"line":180,"column":18}},"line":174}},"branchMap":{"0":{"loc":{"start":{"line":105,"column":4},"end":{"line":117,"column":5}},"type":"if","locations":[{"start":{"line":105,"column":4},"end":{"line":117,"column":5}},{"start":{},"end":{}}],"line":105},"1":{"loc":{"start":{"line":126,"column":4},"end":{"line":130,"column":5}},"type":"if","locations":[{"start":{"line":126,"column":4},"end":{"line":130,"column":5}},{"start":{},"end":{}}],"line":126},"2":{"loc":{"start":{"line":135,"column":7},"end":{"line":184,"column":7}},"type":"cond-expr","locations":[{"start":{"line":136,"column":8},"end":{"line":149,"column":14}},{"start":{"line":151,"column":8},"end":{"line":183,"column":14}}],"line":135}},"s":{"0":0,"1":0,"2":0,"3":0,"4":0,"5":0,"6":0,"7":0,"8":0,"9":0,"10":0,"11":0,"12":0,"13":0,"14":0,"15":0,"16":0,"17":0,"18":0,"19":0,"20":0,"21":0,"22":0,"23":0,"24":0,"25":0,"26":0,"27":0,"28":0,"29":0,"30":0,"31":0,"32":0,"33":0,"34":0,"35":0,"36":0,"37":0,"38":0,"39":0,"40":0,"41":0,"42":0,"43":0,"44":0,"45":0,"46":0,"47":0,"48":0,"49":0,"50":0,"51":0,"52":0,"53":0,"54":0,"55":0,"56":0,"57":0,"58":0,"59":0,"60":0},"f":{"0":0,"1":0,"2":0,"3":0,"4":0,"5":0,"6":0,"7":0,"8":0,"9":0,"10":0,"11":0,"12":0},"b":{"0":[0,0],"1":[0,0],"2":[0,0]}}
,"C:\\Users\\alkha\\Desktop\\full-stack-development\\full-stack-development\\part5\\bloglist-frontend\\src\\index.js": {"path":"C:\\Users\\alkha\\Desktop\\full-stack-development\\full-stack-development\\part5\\bloglist-frontend\\src\\index.js","statementMap":{"0":{"start":{"line":5,"column":0},"end":{"line":5,"column":69}}},"fnMap":{},"branchMap":{},"s":{"0":0},"f":{},"b":{}}
,"C:\\Users\\alkha\\Desktop\\full-stack-development\\full-stack-development\\part5\\bloglist-frontend\\src\\components\\Blog.js": {"path":"C:\\Users\\alkha\\Desktop\\full-stack-development\\full-stack-development\\part5\\bloglist-frontend\\src\\components\\Blog.js","statementMap":{"0":{"start":{"line":4,"column":13},"end":{"line":74,"column":1}},"1":{"start":{"line":5,"column":32},"end":{"line":5,"column":47}},"2":{"start":{"line":7,"column":21},"end":{"line":7,"column":55}},"3":{"start":{"line":8,"column":21},"end":{"line":8,"column":65}},"4":{"start":{"line":9,"column":20},"end":{"line":9,"column":32}},"5":{"start":{"line":10,"column":19},"end":{"line":10,"column":31}},"6":{"start":{"line":11,"column":23},"end":{"line":11,"column":35}},"7":{"start":{"line":12,"column":26},"end":{"line":12,"column":40}},"8":{"start":{"line":13,"column":23},"end":{"line":13,"column":27}},"9":{"start":{"line":15,"column":16},"end":{"line":21,"column":3}},"10":{"start":{"line":23,"column":2},"end":{"line":28,"column":38}},"11":{"start":{"line":24,"column":4},"end":{"line":24,"column":51}},"12":{"start":{"line":25,"column":4},"end":{"line":27,"column":5}},"13":{"start":{"line":26,"column":6},"end":{"line":26,"column":43}},"14":{"start":{"line":30,"column":21},"end":{"line":37,"column":3}},"15":{"start":{"line":31,"column":4},"end":{"line":35,"column":5}},"16":{"start":{"line":32,"column":6},"end":{"line":32,"column":45}},"17":{"start":{"line":34,"column":6},"end":{"line":34,"column":45}},"18":{"start":{"line":36,"column":4},"end":{"line":36,"column":25}},"19":{"start":{"line":39,"column":24},"end":{"line":39,"column":40}},"20":{"start":{"line":41,"column":2},"end":{"line":73,"column":4}},"21":{"start":{"line":60,"column":29},"end":{"line":60,"column":76}},"22":{"start":{"line":68,"column":50},"end":{"line":68,"column":72}},"23":{"start":{"line":76,"column":0},"end":{"line":76,"column":26}},"24":{"start":{"line":78,"column":0},"end":{"line":80,"column":2}}},"fnMap":{"0":{"name":"(anonymous_0)","decl":{"start":{"line":4,"column":13},"end":{"line":4,"column":14}},"loc":{"start":{"line":4,"column":69},"end":{"line":74,"column":1}},"line":4},"1":{"name":"(anonymous_1)","decl":{"start":{"line":23,"column":12},"end":{"line":23,"column":13}},"loc":{"start":{"line":23,"column":18},"end":{"line":28,"column":3}},"line":23},"2":{"name":"(anonymous_2)","decl":{"start":{"line":30,"column":21},"end":{"line":30,"column":22}},"loc":{"start":{"line":30,"column":27},"end":{"line":37,"column":3}},"line":30},"3":{"name":"(anonymous_3)","decl":{"start":{"line":60,"column":23},"end":{"line":60,"column":24}},"loc":{"start":{"line":60,"column":29},"end":{"line":60,"column":76}},"line":60},"4":{"name":"(anonymous_4)","decl":{"start":{"line":68,"column":44},"end":{"line":68,"column":45}},"loc":{"start":{"line":68,"column":50},"end":{"line":68,"column":72}},"line":68}},"branchMap":{"0":{"loc":{"start":{"line":7,"column":32},"end":{"line":7,"column":53}},"type":"cond-expr","locations":[{"start":{"line":7,"column":42},"end":{"line":7,"column":44}},{"start":{"line":7,"column":47},"end":{"line":7,"column":53}}],"line":7},"1":{"loc":{"start":{"line":8,"column":40},"end":{"line":8,"column":63}},"type":"cond-expr","locations":[{"start":{"line":8,"column":50},"end":{"line":8,"column":58}},{"start":{"line":8,"column":61},"end":{"line":8,"column":63}}],"line":8},"2":{"loc":{"start":{"line":25,"column":4},"end":{"line":27,"column":5}},"type":"if","locations":[{"start":{"line":25,"column":4},"end":{"line":27,"column":5}},{"start":{},"end":{}}],"line":25},"3":{"loc":{"start":{"line":31,"column":4},"end":{"line":35,"column":5}},"type":"if","locations":[{"start":{"line":31,"column":4},"end":{"line":35,"column":5}},{"start":{"line":33,"column":11},"end":{"line":35,"column":5}}],"line":31}},"s":{"0":1,"1":7,"2":7,"3":7,"4":7,"5":7,"6":7,"7":7,"8":7,"9":7,"10":7,"11":3,"12":3,"13":3,"14":7,"15":1,"16":0,"17":1,"18":1,"19":7,"20":7,"21":2,"22":0,"23":1,"24":1},"f":{"0":7,"1":3,"2":1,"3":2,"4":0},"b":{"0":[1,6],"1":[1,6],"2":[3,0],"3":[0,1]},"_coverageSchema":"1a1c01bbd47fc00a2c39e90264f33305004495a9","hash":"d4b5e45ccf5c94986b0409be5deab20f6ec1dfd8"}
,"C:\\Users\\alkha\\Desktop\\full-stack-development\\full-stack-development\\part5\\bloglist-frontend\\src\\components\\Login.js": {"path":"C:\\Users\\alkha\\Desktop\\full-stack-development\\full-stack-development\\part5\\bloglist-frontend\\src\\components\\Login.js","statementMap":{"0":{"start":{"line":5,"column":18},"end":{"line":72,"column":1}},"1":{"start":{"line":6,"column":34},"end":{"line":6,"column":46}},"2":{"start":{"line":7,"column":34},"end":{"line":7,"column":46}},"3":{"start":{"line":9,"column":22},"end":{"line":13,"column":3}},"4":{"start":{"line":10,"column":4},"end":{"line":12,"column":36}},"5":{"start":{"line":15,"column":23},"end":{"line":45,"column":3}},"6":{"start":{"line":16,"column":4},"end":{"line":16,"column":23}},"7":{"start":{"line":17,"column":4},"end":{"line":44,"column":5}},"8":{"start":{"line":18,"column":23},"end":{"line":18,"column":70}},"9":{"start":{"line":19,"column":6},"end":{"line":19,"column":73}},"10":{"start":{"line":20,"column":6},"end":{"line":20,"column":29}},"11":{"start":{"line":21,"column":6},"end":{"line":21,"column":48}},"12":{"start":{"line":23,"column":6},"end":{"line":26,"column":9}},"13":{"start":{"line":27,"column":6},"end":{"line":27,"column":26}},"14":{"start":{"line":29,"column":6},"end":{"line":35,"column":7}},"15":{"start":{"line":30,"column":8},"end":{"line":33,"column":11}},"16":{"start":{"line":34,"column":8},"end":{"line":34,"column":28}},"17":{"start":{"line":36,"column":6},"end":{"line":43,"column":7}},"18":{"start":{"line":37,"column":8},"end":{"line":41,"column":11}},"19":{"start":{"line":42,"column":8},"end":{"line":42,"column":28}},"20":{"start":{"line":47,"column":2},"end":{"line":71,"column":4}},"21":{"start":{"line":74,"column":0},"end":{"line":78,"column":2}}},"fnMap":{"0":{"name":"(anonymous_0)","decl":{"start":{"line":5,"column":18},"end":{"line":5,"column":19}},"loc":{"start":{"line":5,"column":71},"end":{"line":72,"column":1}},"line":5},"1":{"name":"(anonymous_1)","decl":{"start":{"line":9,"column":22},"end":{"line":9,"column":23}},"loc":{"start":{"line":9,"column":29},"end":{"line":13,"column":3}},"line":9},"2":{"name":"(anonymous_2)","decl":{"start":{"line":15,"column":23},"end":{"line":15,"column":24}},"loc":{"start":{"line":15,"column":36},"end":{"line":45,"column":3}},"line":15}},"branchMap":{"0":{"loc":{"start":{"line":10,"column":4},"end":{"line":12,"column":35}},"type":"cond-expr","locations":[{"start":{"line":11,"column":8},"end":{"line":11,"column":35}},{"start":{"line":12,"column":8},"end":{"line":12,"column":35}}],"line":10},"1":{"loc":{"start":{"line":29,"column":6},"end":{"line":35,"column":7}},"type":"if","locations":[{"start":{"line":29,"column":6},"end":{"line":35,"column":7}},{"start":{},"end":{}}],"line":29},"2":{"loc":{"start":{"line":36,"column":6},"end":{"line":43,"column":7}},"type":"if","locations":[{"start":{"line":36,"column":6},"end":{"line":43,"column":7}},{"start":{},"end":{}}],"line":36}},"s":{"0":0,"1":0,"2":0,"3":0,"4":0,"5":0,"6":0,"7":0,"8":0,"9":0,"10":0,"11":0,"12":0,"13":0,"14":0,"15":0,"16":0,"17":0,"18":0,"19":0,"20":0,"21":0},"f":{"0":0,"1":0,"2":0},"b":{"0":[0,0],"1":[0,0],"2":[0,0]}}
,"C:\\Users\\alkha\\Desktop\\full-stack-development\\full-stack-development\\part5\\bloglist-frontend\\src\\components\\NewBlog.js": {"path":"C:\\Users\\alkha\\Desktop\\full-stack-development\\full-stack-development\\part5\\bloglist-frontend\\src\\components\\NewBlog.js","statementMap":{"0":{"start":{"line":2,"column":16},"end":{"line":87,"column":1}},"1":{"start":{"line":3,"column":28},"end":{"line":3,"column":40}},"2":{"start":{"line":4,"column":30},"end":{"line":4,"column":42}},"3":{"start":{"line":5,"column":28},"end":{"line":5,"column":40}},"4":{"start":{"line":6,"column":24},"end":{"line":6,"column":36}},"5":{"start":{"line":8,"column":26},"end":{"line":18,"column":3}},"6":{"start":{"line":9,"column":4},"end":{"line":17,"column":5}},"7":{"start":{"line":10,"column":6},"end":{"line":10,"column":31}},"8":{"start":{"line":11,"column":11},"end":{"line":17,"column":5}},"9":{"start":{"line":12,"column":6},"end":{"line":12,"column":32}},"10":{"start":{"line":13,"column":11},"end":{"line":17,"column":5}},"11":{"start":{"line":14,"column":6},"end":{"line":14,"column":31}},"12":{"start":{"line":16,"column":6},"end":{"line":16,"column":29}},"13":{"start":{"line":19,"column":27},"end":{"line":24,"column":3}},"14":{"start":{"line":20,"column":4},"end":{"line":20,"column":18}},"15":{"start":{"line":21,"column":4},"end":{"line":21,"column":17}},"16":{"start":{"line":22,"column":4},"end":{"line":22,"column":17}},"17":{"start":{"line":23,"column":4},"end":{"line":23,"column":15}},"18":{"start":{"line":26,"column":21},"end":{"line":26,"column":50}},"19":{"start":{"line":27,"column":21},"end":{"line":31,"column":3}},"20":{"start":{"line":28,"column":4},"end":{"line":28,"column":23}},"21":{"start":{"line":29,"column":4},"end":{"line":29,"column":33}},"22":{"start":{"line":30,"column":4},"end":{"line":30,"column":23}},"23":{"start":{"line":33,"column":2},"end":{"line":86,"column":4}}},"fnMap":{"0":{"name":"(anonymous_0)","decl":{"start":{"line":2,"column":16},"end":{"line":2,"column":17}},"loc":{"start":{"line":2,"column":42},"end":{"line":87,"column":1}},"line":2},"1":{"name":"(anonymous_1)","decl":{"start":{"line":8,"column":26},"end":{"line":8,"column":27}},"loc":{"start":{"line":8,"column":33},"end":{"line":18,"column":3}},"line":8},"2":{"name":"(anonymous_2)","decl":{"start":{"line":19,"column":27},"end":{"line":19,"column":28}},"loc":{"start":{"line":19,"column":33},"end":{"line":24,"column":3}},"line":19},"3":{"name":"(anonymous_3)","decl":{"start":{"line":27,"column":21},"end":{"line":27,"column":22}},"loc":{"start":{"line":27,"column":28},"end":{"line":31,"column":3}},"line":27}},"branchMap":{"0":{"loc":{"start":{"line":9,"column":4},"end":{"line":17,"column":5}},"type":"if","locations":[{"start":{"line":9,"column":4},"end":{"line":17,"column":5}},{"start":{"line":11,"column":11},"end":{"line":17,"column":5}}],"line":9},"1":{"loc":{"start":{"line":11,"column":11},"end":{"line":17,"column":5}},"type":"if","locations":[{"start":{"line":11,"column":11},"end":{"line":17,"column":5}},{"start":{"line":13,"column":11},"end":{"line":17,"column":5}}],"line":11},"2":{"loc":{"start":{"line":13,"column":11},"end":{"line":17,"column":5}},"type":"if","locations":[{"start":{"line":13,"column":11},"end":{"line":17,"column":5}},{"start":{"line":15,"column":11},"end":{"line":17,"column":5}}],"line":13}},"s":{"0":1,"1":55,"2":55,"3":55,"4":55,"5":55,"6":53,"7":17,"8":36,"9":18,"10":18,"11":3,"12":15,"13":55,"14":1,"15":1,"16":1,"17":1,"18":55,"19":55,"20":1,"21":1,"22":1,"23":55},"f":{"0":55,"1":53,"2":1,"3":1},"b":{"0":[17,36],"1":[18,18],"2":[3,15]},"_coverageSchema":"1a1c01bbd47fc00a2c39e90264f33305004495a9","hash":"53daad4c2e8b73965e8ca990908b1b013d86a9e6"}
,"C:\\Users\\alkha\\Desktop\\full-stack-development\\full-stack-development\\part5\\bloglist-frontend\\src\\components\\Notification.js": {"path":"C:\\Users\\alkha\\Desktop\\full-stack-development\\full-stack-development\\part5\\bloglist-frontend\\src\\components\\Notification.js","statementMap":{"0":{"start":{"line":1,"column":21},"end":{"line":36,"column":1}},"1":{"start":{"line":2,"column":18},"end":{"line":12,"column":3}},"2":{"start":{"line":14,"column":16},"end":{"line":24,"column":3}},"3":{"start":{"line":26,"column":18},"end":{"line":26,"column":20}},"4":{"start":{"line":29,"column":4},"end":{"line":29,"column":77}},"5":{"start":{"line":31,"column":2},"end":{"line":35,"column":4}}},"fnMap":{"0":{"name":"(anonymous_0)","decl":{"start":{"line":1,"column":21},"end":{"line":1,"column":22}},"loc":{"start":{"line":1,"column":44},"end":{"line":36,"column":1}},"line":1}},"branchMap":{"0":{"loc":{"start":{"line":29,"column":4},"end":{"line":29,"column":77}},"type":"binary-expr","locations":[{"start":{"line":29,"column":5},"end":{"line":29,"column":23}},{"start":{"line":29,"column":27},"end":{"line":29,"column":34}},{"start":{"line":29,"column":40},"end":{"line":29,"column":56}},{"start":{"line":29,"column":60},"end":{"line":29,"column":65}},{"start":{"line":29,"column":70},"end":{"line":29,"column":77}}],"line":29},"1":{"loc":{"start":{"line":33,"column":26},"end":{"line":33,"column":50}},"type":"cond-expr","locations":[{"start":{"line":33,"column":36},"end":{"line":33,"column":43}},{"start":{"line":33,"column":46},"end":{"line":33,"column":50}}],"line":33}},"s":{"0":0,"1":0,"2":0,"3":0,"4":0,"5":0},"f":{"0":0},"b":{"0":[0,0,0,0,0],"1":[0,0]}}
,"C:\\Users\\alkha\\Desktop\\full-stack-development\\full-stack-development\\part5\\bloglist-frontend\\src\\components\\Toggable.js": {"path":"C:\\Users\\alkha\\Desktop\\full-stack-development\\full-stack-development\\part5\\bloglist-frontend\\src\\components\\Toggable.js","statementMap":{"0":{"start":{"line":4,"column":17},"end":{"line":31,"column":2}},"1":{"start":{"line":5,"column":38},"end":{"line":5,"column":53}},"2":{"start":{"line":7,"column":19},"end":{"line":7,"column":56}},"3":{"start":{"line":8,"column":19},"end":{"line":8,"column":56}},"4":{"start":{"line":10,"column":27},"end":{"line":12,"column":3}},"5":{"start":{"line":11,"column":4},"end":{"line":11,"column":31}},"6":{"start":{"line":14,"column":2},"end":{"line":18,"column":5}},"7":{"start":{"line":15,"column":4},"end":{"line":17,"column":6}},"8":{"start":{"line":20,"column":2},"end":{"line":30,"column":4}},"9":{"start":{"line":33,"column":0},"end":{"line":33,"column":34}},"10":{"start":{"line":35,"column":0},"end":{"line":37,"column":2}}},"fnMap":{"0":{"name":"(anonymous_0)","decl":{"start":{"line":4,"column":28},"end":{"line":4,"column":29}},"loc":{"start":{"line":4,"column":44},"end":{"line":31,"column":1}},"line":4},"1":{"name":"(anonymous_1)","decl":{"start":{"line":10,"column":27},"end":{"line":10,"column":28}},"loc":{"start":{"line":10,"column":33},"end":{"line":12,"column":3}},"line":10},"2":{"name":"(anonymous_2)","decl":{"start":{"line":14,"column":27},"end":{"line":14,"column":28}},"loc":{"start":{"line":14,"column":33},"end":{"line":18,"column":3}},"line":14}},"branchMap":{"0":{"loc":{"start":{"line":7,"column":30},"end":{"line":7,"column":54}},"type":"cond-expr","locations":[{"start":{"line":7,"column":43},"end":{"line":7,"column":49}},{"start":{"line":7,"column":52},"end":{"line":7,"column":54}}],"line":7},"1":{"loc":{"start":{"line":8,"column":30},"end":{"line":8,"column":54}},"type":"cond-expr","locations":[{"start":{"line":8,"column":43},"end":{"line":8,"column":45}},{"start":{"line":8,"column":48},"end":{"line":8,"column":54}}],"line":8}},"s":{"0":1,"1":4,"2":4,"3":4,"4":4,"5":1,"6":4,"7":0,"8":4,"9":1,"10":1},"f":{"0":4,"1":1,"2":0},"b":{"0":[1,3],"1":[1,3]},"_coverageSchema":"1a1c01bbd47fc00a2c39e90264f33305004495a9","hash":"07f1d4f148ad98bc4499da2ad04c61870770aba6"}
,"C:\\Users\\alkha\\Desktop\\full-stack-development\\full-stack-development\\part5\\bloglist-frontend\\src\\services\\blogs.js": {"path":"C:\\Users\\alkha\\Desktop\\full-stack-development\\full-stack-development\\part5\\bloglist-frontend\\src\\services\\blogs.js","statementMap":{"0":{"start":{"line":2,"column":16},"end":{"line":2,"column":28}},"1":{"start":{"line":5,"column":15},"end":{"line":8,"column":1}},"2":{"start":{"line":6,"column":18},"end":{"line":6,"column":36}},"3":{"start":{"line":7,"column":2},"end":{"line":7,"column":51}},"4":{"start":{"line":7,"column":36},"end":{"line":7,"column":49}},"5":{"start":{"line":10,"column":17},"end":{"line":12,"column":1}},"6":{"start":{"line":11,"column":2},"end":{"line":11,"column":31}},"7":{"start":{"line":14,"column":16},"end":{"line":22,"column":1}},"8":{"start":{"line":15,"column":17},"end":{"line":17,"column":3}},"9":{"start":{"line":19,"column":18},"end":{"line":19,"column":60}},"10":{"start":{"line":21,"column":2},"end":{"line":21,"column":22}},"11":{"start":{"line":24,"column":18},"end":{"line":27,"column":1}},"12":{"start":{"line":25,"column":18},"end":{"line":25,"column":66}},"13":{"start":{"line":26,"column":2},"end":{"line":26,"column":17}},"14":{"start":{"line":29,"column":20},"end":{"line":32,"column":1}},"15":{"start":{"line":30,"column":18},"end":{"line":30,"column":61}},"16":{"start":{"line":31,"column":2},"end":{"line":31,"column":17}},"17":{"start":{"line":34,"column":19},"end":{"line":40,"column":1}},"18":{"start":{"line":35,"column":17},"end":{"line":37,"column":3}},"19":{"start":{"line":38,"column":18},"end":{"line":38,"column":62}},"20":{"start":{"line":39,"column":2},"end":{"line":39,"column":17}}},"fnMap":{"0":{"name":"(anonymous_0)","decl":{"start":{"line":5,"column":15},"end":{"line":5,"column":16}},"loc":{"start":{"line":5,"column":21},"end":{"line":8,"column":1}},"line":5},"1":{"name":"(anonymous_1)","decl":{"start":{"line":7,"column":22},"end":{"line":7,"column":23}},"loc":{"start":{"line":7,"column":36},"end":{"line":7,"column":49}},"line":7},"2":{"name":"(anonymous_2)","decl":{"start":{"line":10,"column":17},"end":{"line":10,"column":18}},"loc":{"start":{"line":10,"column":31},"end":{"line":12,"column":1}},"line":10},"3":{"name":"(anonymous_3)","decl":{"start":{"line":14,"column":16},"end":{"line":14,"column":17}},"loc":{"start":{"line":14,"column":35},"end":{"line":22,"column":1}},"line":14},"4":{"name":"(anonymous_4)","decl":{"start":{"line":24,"column":18},"end":{"line":24,"column":19}},"loc":{"start":{"line":24,"column":42},"end":{"line":27,"column":1}},"line":24},"5":{"name":"(anonymous_5)","decl":{"start":{"line":29,"column":20},"end":{"line":29,"column":21}},"loc":{"start":{"line":29,"column":40},"end":{"line":32,"column":1}},"line":29},"6":{"name":"(anonymous_6)","decl":{"start":{"line":34,"column":19},"end":{"line":34,"column":20}},"loc":{"start":{"line":34,"column":31},"end":{"line":40,"column":1}},"line":34}},"branchMap":{},"s":{"0":0,"1":0,"2":0,"3":0,"4":0,"5":0,"6":0,"7":0,"8":0,"9":0,"10":0,"11":0,"12":0,"13":0,"14":0,"15":0,"16":0,"17":0,"18":0,"19":0,"20":0},"f":{"0":0,"1":0,"2":0,"3":0,"4":0,"5":0,"6":0},"b":{}}
}
